2018-11-23 10:08:12,429 INFO org.springframework.boot.StartupInfoLogger [main] Starting LibraryApplication on WKC001705350 with PID 15048 (C:\Users\thimmv\Downloads\Spring-boot-redis-mongo\online-library\target\classes started by thimmv in C:\Users\thimmv\Downloads\Spring-boot-redis-mongo\online-library)
2018-11-23 10:08:12,437 INFO org.springframework.boot.SpringApplication [main] The following profiles are active: dev
2018-11-23 10:08:14,801 INFO org.springframework.data.repository.config.RepositoryConfigurationDelegate [main] Multiple Spring Data modules found, entering strict repository configuration mode!
2018-11-23 10:08:14,804 INFO org.springframework.data.repository.config.RepositoryConfigurationDelegate [main] Bootstrapping Spring Data repositories in DEFAULT mode.
2018-11-23 10:08:14,855 INFO org.springframework.data.repository.config.RepositoryConfigurationDelegate [main] Finished Spring Data repository scanning in 41ms. Found 0 repository interfaces.
2018-11-23 10:08:14,882 INFO org.springframework.data.repository.config.RepositoryConfigurationDelegate [main] Multiple Spring Data modules found, entering strict repository configuration mode!
2018-11-23 10:08:14,885 INFO org.springframework.data.repository.config.RepositoryConfigurationDelegate [main] Bootstrapping Spring Data repositories in DEFAULT mode.
2018-11-23 10:08:14,918 INFO org.springframework.data.repository.config.RepositoryConfigurationDelegate [main] Finished Spring Data repository scanning in 18ms. Found 0 repository interfaces.
2018-11-23 10:08:16,758 INFO org.springframework.boot.web.embedded.tomcat.TomcatWebServer [main] Tomcat initialized with port(s): 1111 (http)
2018-11-23 10:08:16,786 INFO org.apache.juli.logging.DirectJDKLog [main] Initializing ProtocolHandler ["http-nio-1111"]
2018-11-23 10:08:16,799 INFO org.apache.juli.logging.DirectJDKLog [main] Starting service [Tomcat]
2018-11-23 10:08:16,799 INFO org.apache.juli.logging.DirectJDKLog [main] Starting Servlet Engine: Apache Tomcat/9.0.12
2018-11-23 10:08:16,913 INFO org.apache.juli.logging.DirectJDKLog [main] The APR based Apache Tomcat Native library which allows optimal performance in production environments was not found on the java.library.path: [C:\Program Files\Java\jdk1.8.0_162\bin;C:\windows\Sun\Java\bin;C:\windows\system32;C:\windows;C:\Program Files (x86)\Common Files\Oracle\Java\javapath;C:\windows\system32;C:\windows;C:\windows\system32\wbem;C:\windows\system32\windowspowershell\v1.0\;C:\windows\system32\windowspowershell\v1.0\;c:\program files (x86)\sennheiser\softphonesdk\;C:\windows\system32\windowspowershell\v1.0\;c:\program files\nodejs\;c:\program files\git\cmd;%java_home%\bin;%m2_home%\bin;c:\program files\ibm\gsk8\lib64;C:\PROGRA~1\IBM\SQLLIB~1\BIN;C:\PROGRA~1\IBM\SQLLIB~1\FUNCTION;C:\PROGRA~1\IBM\SQLLIB~1\SAMPLES\REPL;C:\Program Files\Git\cmd;C:\Program Files\Microsoft VS Code\bin;C:\Program Files (x86)\GitExtensions\;C:\ProgramData\Oracle\Java\javapath;C:\windows\system32;C:\windows;C:\windows\System32\Wbem;C:\windows\System32\WindowsPowerShell\v1.0\;C:\windows\System32\WindowsPowerShell\v1.0\;C:\Program Files (x86)\Sennheiser\SoftphoneSDK\;C:\windows\System32\WindowsPowerShell\v1.0\;C:\Users\thimmv\AppData\Roaming\npm;C:\Program Files\Microsoft VS Code\bin;C:\Users\thimmv\Downloads\apache-maven-3.5.3-bin\apache-maven-3.5.3\bin;C:\Program Files\Java\jdk1.8.0_162\bin;C:\Users\thimmv\AppData\Local\Box\Box Edit\;.]
2018-11-23 10:08:17,349 INFO org.apache.juli.logging.DirectJDKLog [main] Initializing Spring embedded WebApplicationContext
2018-11-23 10:08:17,401 INFO org.springframework.boot.web.servlet.ServletRegistrationBean [main] Servlet dispatcherServlet mapped to [/]
2018-11-23 10:08:17,409 INFO org.springframework.boot.web.servlet.AbstractFilterRegistrationBean [main] Mapping filter: 'characterEncodingFilter' to: [/*]
2018-11-23 10:08:17,411 INFO org.springframework.boot.web.servlet.AbstractFilterRegistrationBean [main] Mapping filter: 'hiddenHttpMethodFilter' to: [/*]
2018-11-23 10:08:17,411 INFO org.springframework.boot.web.servlet.AbstractFilterRegistrationBean [main] Mapping filter: 'formContentFilter' to: [/*]
2018-11-23 10:08:17,412 INFO org.springframework.boot.web.servlet.AbstractFilterRegistrationBean [main] Mapping filter: 'requestContextFilter' to: [/*]
2018-11-23 10:08:18,370 INFO springfox.documentation.spring.web.PropertySourcedRequestMappingHandlerMapping [main] Mapped URL path [/v2/api-docs] onto method [public org.springframework.http.ResponseEntity<springfox.documentation.spring.web.json.Json> springfox.documentation.swagger2.web.Swagger2Controller.getDocumentation(java.lang.String,javax.servlet.http.HttpServletRequest)]
2018-11-23 10:08:18,785 INFO org.springframework.scheduling.concurrent.ExecutorConfigurationSupport [main] Initializing ExecutorService 'applicationTaskExecutor'
2018-11-23 10:08:21,034 INFO com.mongodb.diagnostics.logging.SLF4JLogger [main] Cluster created with settings {hosts=[localhost:27017], mode=SINGLE, requiredClusterType=UNKNOWN, serverSelectionTimeout='30000 ms', maxWaitQueueSize=500}
2018-11-23 10:08:21,132 INFO com.mongodb.diagnostics.logging.SLF4JLogger [cluster-ClusterId{value='5bf7843d32296a3ac85ee5fd', description='null'}-localhost:27017] Opened connection [connectionId{localValue:1, serverValue:72}] to localhost:27017
2018-11-23 10:08:21,137 INFO com.mongodb.diagnostics.logging.SLF4JLogger [cluster-ClusterId{value='5bf7843d32296a3ac85ee5fd', description='null'}-localhost:27017] Monitor thread successfully connected to server with description ServerDescription{address=localhost:27017, type=STANDALONE, state=CONNECTED, ok=true, version=ServerVersion{versionList=[3, 4, 6]}, minWireVersion=0, maxWireVersion=5, maxDocumentSize=16777216, logicalSessionTimeoutMinutes=null, roundTripTimeNanos=2856828}
2018-11-23 10:08:21,710 INFO springfox.documentation.spring.web.plugins.DocumentationPluginsBootstrapper [main] Context refreshed
2018-11-23 10:08:21,757 INFO springfox.documentation.spring.web.plugins.DocumentationPluginsBootstrapper [main] Found 1 custom documentation plugin(s)
2018-11-23 10:08:21,856 INFO springfox.documentation.spring.web.scanners.ApiListingReferenceScanner [main] Scanning for api listing references
2018-11-23 10:08:22,049 INFO org.apache.juli.logging.DirectJDKLog [main] Starting ProtocolHandler ["http-nio-1111"]
2018-11-23 10:08:22,069 INFO org.apache.juli.logging.DirectJDKLog [main] Using a shared selector for servlet write/read
2018-11-23 10:08:22,110 INFO org.springframework.boot.web.embedded.tomcat.TomcatWebServer [main] Tomcat started on port(s): 1111 (http) with context path ''
2018-11-23 10:08:22,118 INFO org.springframework.boot.StartupInfoLogger [main] Started LibraryApplication in 11.533 seconds (JVM running for 13.628)
2018-11-23 10:09:35,517 INFO org.springframework.boot.StartupInfoLogger [main] Starting LibraryApplication on WKC001705350 with PID 15332 (C:\Users\thimmv\Downloads\Spring-boot-redis-mongo\online-library\target\classes started by thimmv in C:\Users\thimmv\Downloads\Spring-boot-redis-mongo\online-library)
2018-11-23 10:09:35,524 INFO org.springframework.boot.SpringApplication [main] The following profiles are active: dev
2018-11-23 10:09:37,723 INFO org.springframework.data.repository.config.RepositoryConfigurationDelegate [main] Multiple Spring Data modules found, entering strict repository configuration mode!
2018-11-23 10:09:37,726 INFO org.springframework.data.repository.config.RepositoryConfigurationDelegate [main] Bootstrapping Spring Data repositories in DEFAULT mode.
2018-11-23 10:09:37,781 INFO org.springframework.data.repository.config.RepositoryConfigurationDelegate [main] Finished Spring Data repository scanning in 40ms. Found 0 repository interfaces.
2018-11-23 10:09:37,804 INFO org.springframework.data.repository.config.RepositoryConfigurationDelegate [main] Multiple Spring Data modules found, entering strict repository configuration mode!
2018-11-23 10:09:37,807 INFO org.springframework.data.repository.config.RepositoryConfigurationDelegate [main] Bootstrapping Spring Data repositories in DEFAULT mode.
2018-11-23 10:09:37,837 INFO org.springframework.data.repository.config.RepositoryConfigurationDelegate [main] Finished Spring Data repository scanning in 14ms. Found 0 repository interfaces.
2018-11-23 10:09:39,538 INFO org.springframework.boot.web.embedded.tomcat.TomcatWebServer [main] Tomcat initialized with port(s): 1111 (http)
2018-11-23 10:09:39,567 INFO org.apache.juli.logging.DirectJDKLog [main] Initializing ProtocolHandler ["http-nio-1111"]
2018-11-23 10:09:39,578 INFO org.apache.juli.logging.DirectJDKLog [main] Starting service [Tomcat]
2018-11-23 10:09:39,579 INFO org.apache.juli.logging.DirectJDKLog [main] Starting Servlet Engine: Apache Tomcat/9.0.12
2018-11-23 10:09:39,689 INFO org.apache.juli.logging.DirectJDKLog [main] The APR based Apache Tomcat Native library which allows optimal performance in production environments was not found on the java.library.path: [C:\Program Files\Java\jdk1.8.0_162\bin;C:\windows\Sun\Java\bin;C:\windows\system32;C:\windows;C:\Program Files (x86)\Common Files\Oracle\Java\javapath;C:\windows\system32;C:\windows;C:\windows\system32\wbem;C:\windows\system32\windowspowershell\v1.0\;C:\windows\system32\windowspowershell\v1.0\;c:\program files (x86)\sennheiser\softphonesdk\;C:\windows\system32\windowspowershell\v1.0\;c:\program files\nodejs\;c:\program files\git\cmd;%java_home%\bin;%m2_home%\bin;c:\program files\ibm\gsk8\lib64;C:\PROGRA~1\IBM\SQLLIB~1\BIN;C:\PROGRA~1\IBM\SQLLIB~1\FUNCTION;C:\PROGRA~1\IBM\SQLLIB~1\SAMPLES\REPL;C:\Program Files\Git\cmd;C:\Program Files\Microsoft VS Code\bin;C:\Program Files (x86)\GitExtensions\;C:\ProgramData\Oracle\Java\javapath;C:\windows\system32;C:\windows;C:\windows\System32\Wbem;C:\windows\System32\WindowsPowerShell\v1.0\;C:\windows\System32\WindowsPowerShell\v1.0\;C:\Program Files (x86)\Sennheiser\SoftphoneSDK\;C:\windows\System32\WindowsPowerShell\v1.0\;C:\Users\thimmv\AppData\Roaming\npm;C:\Program Files\Microsoft VS Code\bin;C:\Users\thimmv\Downloads\apache-maven-3.5.3-bin\apache-maven-3.5.3\bin;C:\Program Files\Java\jdk1.8.0_162\bin;C:\Users\thimmv\AppData\Local\Box\Box Edit\;.]
2018-11-23 10:09:40,026 INFO org.apache.juli.logging.DirectJDKLog [main] Initializing Spring embedded WebApplicationContext
2018-11-23 10:09:40,077 INFO org.springframework.boot.web.servlet.ServletRegistrationBean [main] Servlet dispatcherServlet mapped to [/]
2018-11-23 10:09:40,086 INFO org.springframework.boot.web.servlet.AbstractFilterRegistrationBean [main] Mapping filter: 'characterEncodingFilter' to: [/*]
2018-11-23 10:09:40,087 INFO org.springframework.boot.web.servlet.AbstractFilterRegistrationBean [main] Mapping filter: 'hiddenHttpMethodFilter' to: [/*]
2018-11-23 10:09:40,088 INFO org.springframework.boot.web.servlet.AbstractFilterRegistrationBean [main] Mapping filter: 'formContentFilter' to: [/*]
2018-11-23 10:09:40,088 INFO org.springframework.boot.web.servlet.AbstractFilterRegistrationBean [main] Mapping filter: 'requestContextFilter' to: [/*]
2018-11-23 10:09:40,925 INFO springfox.documentation.spring.web.PropertySourcedRequestMappingHandlerMapping [main] Mapped URL path [/v2/api-docs] onto method [public org.springframework.http.ResponseEntity<springfox.documentation.spring.web.json.Json> springfox.documentation.swagger2.web.Swagger2Controller.getDocumentation(java.lang.String,javax.servlet.http.HttpServletRequest)]
2018-11-23 10:09:41,423 INFO org.springframework.scheduling.concurrent.ExecutorConfigurationSupport [main] Initializing ExecutorService 'applicationTaskExecutor'
2018-11-23 10:09:43,813 INFO com.mongodb.diagnostics.logging.SLF4JLogger [main] Cluster created with settings {hosts=[localhost:27017], mode=SINGLE, requiredClusterType=UNKNOWN, serverSelectionTimeout='30000 ms', maxWaitQueueSize=500}
2018-11-23 10:09:43,997 INFO com.mongodb.diagnostics.logging.SLF4JLogger [cluster-ClusterId{value='5bf7848f32296a3be4a4f2c4', description='null'}-localhost:27017] Opened connection [connectionId{localValue:1, serverValue:73}] to localhost:27017
2018-11-23 10:09:44,004 INFO com.mongodb.diagnostics.logging.SLF4JLogger [cluster-ClusterId{value='5bf7848f32296a3be4a4f2c4', description='null'}-localhost:27017] Monitor thread successfully connected to server with description ServerDescription{address=localhost:27017, type=STANDALONE, state=CONNECTED, ok=true, version=ServerVersion{versionList=[3, 4, 6]}, minWireVersion=0, maxWireVersion=5, maxDocumentSize=16777216, logicalSessionTimeoutMinutes=null, roundTripTimeNanos=3757786}
2018-11-23 10:09:44,500 INFO springfox.documentation.spring.web.plugins.DocumentationPluginsBootstrapper [main] Context refreshed
2018-11-23 10:09:44,561 INFO springfox.documentation.spring.web.plugins.DocumentationPluginsBootstrapper [main] Found 1 custom documentation plugin(s)
2018-11-23 10:09:44,625 INFO springfox.documentation.spring.web.scanners.ApiListingReferenceScanner [main] Scanning for api listing references
2018-11-23 10:09:44,794 INFO org.apache.juli.logging.DirectJDKLog [main] Starting ProtocolHandler ["http-nio-1111"]
2018-11-23 10:09:44,811 INFO org.apache.juli.logging.DirectJDKLog [main] Using a shared selector for servlet write/read
2018-11-23 10:09:44,849 INFO org.springframework.boot.web.embedded.tomcat.TomcatWebServer [main] Tomcat started on port(s): 1111 (http) with context path ''
2018-11-23 10:09:44,858 INFO org.springframework.boot.StartupInfoLogger [main] Started LibraryApplication in 11.207 seconds (JVM running for 13.171)
2018-11-23 10:24:13,681 INFO org.springframework.boot.StartupInfoLogger [main] Starting LibraryApplication on WKC001705350 with PID 17424 (C:\Users\thimmv\Downloads\Spring-boot-redis-mongo\online-library\target\classes started by thimmv in C:\Users\thimmv\Downloads\Spring-boot-redis-mongo\online-library)
2018-11-23 10:24:13,718 INFO org.springframework.boot.SpringApplication [main] The following profiles are active: dev
2018-11-23 10:24:19,927 INFO springfox.documentation.spring.web.PropertySourcedRequestMappingHandlerMapping [main] Mapped URL path [/v2/api-docs] onto method [public org.springframework.http.ResponseEntity<springfox.documentation.spring.web.json.Json> springfox.documentation.swagger2.web.Swagger2Controller.getDocumentation(java.lang.String,javax.servlet.http.HttpServletRequest)]
2018-11-23 10:24:23,376 INFO springfox.documentation.spring.web.plugins.DocumentationPluginsBootstrapper [main] Context refreshed
2018-11-23 10:24:23,431 INFO springfox.documentation.spring.web.plugins.DocumentationPluginsBootstrapper [main] Found 1 custom documentation plugin(s)
2018-11-23 10:24:23,490 INFO springfox.documentation.spring.web.scanners.ApiListingReferenceScanner [main] Scanning for api listing references
2018-11-23 10:24:23,733 INFO org.springframework.boot.StartupInfoLogger [main] Started LibraryApplication in 21.624 seconds (JVM running for 23.345)
2018-11-23 10:25:26,308 INFO org.springframework.boot.StartupInfoLogger [main] Starting LibraryApplication on WKC001705350 with PID 13404 (C:\Users\thimmv\Downloads\Spring-boot-redis-mongo\online-library\target\classes started by thimmv in C:\Users\thimmv\Downloads\Spring-boot-redis-mongo\online-library)
2018-11-23 10:25:26,316 INFO org.springframework.boot.SpringApplication [main] The following profiles are active: dev
2018-11-23 10:25:35,011 INFO org.springframework.boot.StartupInfoLogger [main] Started LibraryApplication in 10.66 seconds (JVM running for 12.451)
2018-11-23 10:26:04,529 INFO org.springframework.boot.StartupInfoLogger [main] Starting LibraryApplication on WKC001705350 with PID 6340 (C:\Users\thimmv\Downloads\Spring-boot-redis-mongo\online-library\target\classes started by thimmv in C:\Users\thimmv\Downloads\Spring-boot-redis-mongo\online-library)
2018-11-23 10:26:04,537 INFO org.springframework.boot.SpringApplication [main] The following profiles are active: dev
2018-11-23 10:26:13,260 INFO org.springframework.boot.StartupInfoLogger [main] Started LibraryApplication in 10.898 seconds (JVM running for 12.739)
2018-11-23 10:38:11,927 INFO org.springframework.boot.StartupInfoLogger [main] Starting LibraryApplication on WKC001705350 with PID 9252 (C:\Users\thimmv\Downloads\Spring-boot-redis-mongo\online-library\target\classes started by thimmv in C:\Users\thimmv\Downloads\Spring-boot-redis-mongo\online-library)
2018-11-23 10:38:11,935 INFO org.springframework.boot.SpringApplication [main] The following profiles are active: dev
2018-11-23 10:38:14,067 INFO org.springframework.data.repository.config.RepositoryConfigurationDelegate [main] Multiple Spring Data modules found, entering strict repository configuration mode!
2018-11-23 10:38:14,070 INFO org.springframework.data.repository.config.RepositoryConfigurationDelegate [main] Bootstrapping Spring Data repositories in DEFAULT mode.
2018-11-23 10:38:14,121 INFO org.springframework.data.repository.config.RepositoryConfigurationDelegate [main] Finished Spring Data repository scanning in 40ms. Found 0 repository interfaces.
2018-11-23 10:38:14,145 INFO org.springframework.data.repository.config.RepositoryConfigurationDelegate [main] Multiple Spring Data modules found, entering strict repository configuration mode!
2018-11-23 10:38:14,148 INFO org.springframework.data.repository.config.RepositoryConfigurationDelegate [main] Bootstrapping Spring Data repositories in DEFAULT mode.
2018-11-23 10:38:14,176 INFO org.springframework.data.repository.config.RepositoryConfigurationDelegate [main] Finished Spring Data repository scanning in 15ms. Found 0 repository interfaces.
2018-11-23 10:38:16,181 INFO org.springframework.boot.web.embedded.tomcat.TomcatWebServer [main] Tomcat initialized with port(s): 1111 (http)
2018-11-23 10:38:16,207 INFO org.apache.juli.logging.DirectJDKLog [main] Initializing ProtocolHandler ["http-nio-1111"]
2018-11-23 10:38:16,219 INFO org.apache.juli.logging.DirectJDKLog [main] Starting service [Tomcat]
2018-11-23 10:38:16,220 INFO org.apache.juli.logging.DirectJDKLog [main] Starting Servlet Engine: Apache Tomcat/9.0.12
2018-11-23 10:38:16,344 INFO org.apache.juli.logging.DirectJDKLog [main] The APR based Apache Tomcat Native library which allows optimal performance in production environments was not found on the java.library.path: [C:\Program Files\Java\jdk1.8.0_162\bin;C:\windows\Sun\Java\bin;C:\windows\system32;C:\windows;C:\Program Files (x86)\Common Files\Oracle\Java\javapath;C:\windows\system32;C:\windows;C:\windows\system32\wbem;C:\windows\system32\windowspowershell\v1.0\;C:\windows\system32\windowspowershell\v1.0\;c:\program files (x86)\sennheiser\softphonesdk\;C:\windows\system32\windowspowershell\v1.0\;c:\program files\nodejs\;c:\program files\git\cmd;%java_home%\bin;%m2_home%\bin;c:\program files\ibm\gsk8\lib64;C:\PROGRA~1\IBM\SQLLIB~1\BIN;C:\PROGRA~1\IBM\SQLLIB~1\FUNCTION;C:\PROGRA~1\IBM\SQLLIB~1\SAMPLES\REPL;C:\Program Files\Git\cmd;C:\Program Files\Microsoft VS Code\bin;C:\Program Files (x86)\GitExtensions\;C:\ProgramData\Oracle\Java\javapath;C:\windows\system32;C:\windows;C:\windows\System32\Wbem;C:\windows\System32\WindowsPowerShell\v1.0\;C:\windows\System32\WindowsPowerShell\v1.0\;C:\Program Files (x86)\Sennheiser\SoftphoneSDK\;C:\windows\System32\WindowsPowerShell\v1.0\;C:\Users\thimmv\AppData\Roaming\npm;C:\Program Files\Microsoft VS Code\bin;C:\Users\thimmv\Downloads\apache-maven-3.5.3-bin\apache-maven-3.5.3\bin;C:\Program Files\Java\jdk1.8.0_162\bin;C:\Users\thimmv\AppData\Local\Box\Box Edit\;.]
2018-11-23 10:38:16,630 INFO org.apache.juli.logging.DirectJDKLog [main] Initializing Spring embedded WebApplicationContext
2018-11-23 10:38:16,681 INFO org.springframework.boot.web.servlet.ServletRegistrationBean [main] Servlet dispatcherServlet mapped to [/]
2018-11-23 10:38:16,690 INFO org.springframework.boot.web.servlet.AbstractFilterRegistrationBean [main] Mapping filter: 'characterEncodingFilter' to: [/*]
2018-11-23 10:38:16,692 INFO org.springframework.boot.web.servlet.AbstractFilterRegistrationBean [main] Mapping filter: 'hiddenHttpMethodFilter' to: [/*]
2018-11-23 10:38:16,693 INFO org.springframework.boot.web.servlet.AbstractFilterRegistrationBean [main] Mapping filter: 'formContentFilter' to: [/*]
2018-11-23 10:38:16,694 INFO org.springframework.boot.web.servlet.AbstractFilterRegistrationBean [main] Mapping filter: 'requestContextFilter' to: [/*]
2018-11-23 10:38:17,576 INFO springfox.documentation.spring.web.PropertySourcedRequestMappingHandlerMapping [main] Mapped URL path [/v2/api-docs] onto method [public org.springframework.http.ResponseEntity<springfox.documentation.spring.web.json.Json> springfox.documentation.swagger2.web.Swagger2Controller.getDocumentation(java.lang.String,javax.servlet.http.HttpServletRequest)]
2018-11-23 10:38:18,061 INFO org.springframework.scheduling.concurrent.ExecutorConfigurationSupport [main] Initializing ExecutorService 'applicationTaskExecutor'
2018-11-23 10:38:20,616 INFO com.mongodb.diagnostics.logging.SLF4JLogger [main] Cluster created with settings {hosts=[localhost:27017], mode=SINGLE, requiredClusterType=UNKNOWN, serverSelectionTimeout='30000 ms', maxWaitQueueSize=500}
2018-11-23 10:38:20,817 INFO com.mongodb.diagnostics.logging.SLF4JLogger [cluster-ClusterId{value='5bf78b4432296a242455f48b', description='null'}-localhost:27017] Opened connection [connectionId{localValue:1, serverValue:77}] to localhost:27017
2018-11-23 10:38:20,823 INFO com.mongodb.diagnostics.logging.SLF4JLogger [cluster-ClusterId{value='5bf78b4432296a242455f48b', description='null'}-localhost:27017] Monitor thread successfully connected to server with description ServerDescription{address=localhost:27017, type=STANDALONE, state=CONNECTED, ok=true, version=ServerVersion{versionList=[3, 4, 6]}, minWireVersion=0, maxWireVersion=5, maxDocumentSize=16777216, logicalSessionTimeoutMinutes=null, roundTripTimeNanos=3237917}
2018-11-23 10:38:21,306 INFO springfox.documentation.spring.web.plugins.DocumentationPluginsBootstrapper [main] Context refreshed
2018-11-23 10:38:21,363 INFO springfox.documentation.spring.web.plugins.DocumentationPluginsBootstrapper [main] Found 1 custom documentation plugin(s)
2018-11-23 10:38:21,425 INFO springfox.documentation.spring.web.scanners.ApiListingReferenceScanner [main] Scanning for api listing references
2018-11-23 10:38:21,602 INFO org.apache.juli.logging.DirectJDKLog [main] Starting ProtocolHandler ["http-nio-1111"]
2018-11-23 10:38:21,621 INFO org.apache.juli.logging.DirectJDKLog [main] Using a shared selector for servlet write/read
2018-11-23 10:38:21,657 INFO org.springframework.boot.web.embedded.tomcat.TomcatWebServer [main] Tomcat started on port(s): 1111 (http) with context path ''
2018-11-23 10:38:21,664 INFO org.springframework.boot.StartupInfoLogger [main] Started LibraryApplication in 12.108 seconds (JVM running for 14.032)
2018-11-23 10:38:25,777 INFO org.apache.juli.logging.DirectJDKLog [http-nio-1111-exec-1] Initializing Spring DispatcherServlet 'dispatcherServlet'
2018-11-23 10:38:32,561 INFO com.vinodh.web.HomeController [http-nio-1111-exec-10] /library/home api is invoked
2018-11-23 10:40:28,881 INFO org.springframework.boot.StartupInfoLogger [main] Starting LibraryApplication on WKC001705350 with PID 11784 (C:\Users\thimmv\Downloads\Spring-boot-redis-mongo\online-library\target\classes started by thimmv in C:\Users\thimmv\Downloads\Spring-boot-redis-mongo\online-library)
2018-11-23 10:40:28,889 INFO org.springframework.boot.SpringApplication [main] The following profiles are active: dev
2018-11-23 10:40:31,642 INFO org.springframework.data.repository.config.RepositoryConfigurationDelegate [main] Multiple Spring Data modules found, entering strict repository configuration mode!
2018-11-23 10:40:31,647 INFO org.springframework.data.repository.config.RepositoryConfigurationDelegate [main] Bootstrapping Spring Data repositories in DEFAULT mode.
2018-11-23 10:40:31,701 INFO org.springframework.data.repository.config.RepositoryConfigurationDelegate [main] Finished Spring Data repository scanning in 42ms. Found 0 repository interfaces.
2018-11-23 10:40:31,750 INFO org.springframework.data.repository.config.RepositoryConfigurationDelegate [main] Multiple Spring Data modules found, entering strict repository configuration mode!
2018-11-23 10:40:31,753 INFO org.springframework.data.repository.config.RepositoryConfigurationDelegate [main] Bootstrapping Spring Data repositories in DEFAULT mode.
2018-11-23 10:40:31,787 INFO org.springframework.data.repository.config.RepositoryConfigurationDelegate [main] Finished Spring Data repository scanning in 20ms. Found 0 repository interfaces.
2018-11-23 10:40:33,622 INFO org.springframework.boot.web.embedded.tomcat.TomcatWebServer [main] Tomcat initialized with port(s): 1111 (http)
2018-11-23 10:40:33,647 INFO org.apache.juli.logging.DirectJDKLog [main] Initializing ProtocolHandler ["http-nio-1111"]
2018-11-23 10:40:33,662 INFO org.apache.juli.logging.DirectJDKLog [main] Starting service [Tomcat]
2018-11-23 10:40:33,663 INFO org.apache.juli.logging.DirectJDKLog [main] Starting Servlet Engine: Apache Tomcat/9.0.12
2018-11-23 10:40:33,787 INFO org.apache.juli.logging.DirectJDKLog [main] The APR based Apache Tomcat Native library which allows optimal performance in production environments was not found on the java.library.path: [C:\Program Files\Java\jdk1.8.0_162\bin;C:\windows\Sun\Java\bin;C:\windows\system32;C:\windows;C:\Program Files (x86)\Common Files\Oracle\Java\javapath;C:\windows\system32;C:\windows;C:\windows\system32\wbem;C:\windows\system32\windowspowershell\v1.0\;C:\windows\system32\windowspowershell\v1.0\;c:\program files (x86)\sennheiser\softphonesdk\;C:\windows\system32\windowspowershell\v1.0\;c:\program files\nodejs\;c:\program files\git\cmd;%java_home%\bin;%m2_home%\bin;c:\program files\ibm\gsk8\lib64;C:\PROGRA~1\IBM\SQLLIB~1\BIN;C:\PROGRA~1\IBM\SQLLIB~1\FUNCTION;C:\PROGRA~1\IBM\SQLLIB~1\SAMPLES\REPL;C:\Program Files\Git\cmd;C:\Program Files\Microsoft VS Code\bin;C:\Program Files (x86)\GitExtensions\;C:\ProgramData\Oracle\Java\javapath;C:\windows\system32;C:\windows;C:\windows\System32\Wbem;C:\windows\System32\WindowsPowerShell\v1.0\;C:\windows\System32\WindowsPowerShell\v1.0\;C:\Program Files (x86)\Sennheiser\SoftphoneSDK\;C:\windows\System32\WindowsPowerShell\v1.0\;C:\Users\thimmv\AppData\Roaming\npm;C:\Program Files\Microsoft VS Code\bin;C:\Users\thimmv\Downloads\apache-maven-3.5.3-bin\apache-maven-3.5.3\bin;C:\Program Files\Java\jdk1.8.0_162\bin;C:\Users\thimmv\AppData\Local\Box\Box Edit\;.]
2018-11-23 10:40:34,154 INFO org.apache.juli.logging.DirectJDKLog [main] Initializing Spring embedded WebApplicationContext
2018-11-23 10:40:34,209 INFO org.springframework.boot.web.servlet.ServletRegistrationBean [main] Servlet dispatcherServlet mapped to [/]
2018-11-23 10:40:34,217 INFO org.springframework.boot.web.servlet.AbstractFilterRegistrationBean [main] Mapping filter: 'characterEncodingFilter' to: [/*]
2018-11-23 10:40:34,218 INFO org.springframework.boot.web.servlet.AbstractFilterRegistrationBean [main] Mapping filter: 'hiddenHttpMethodFilter' to: [/*]
2018-11-23 10:40:34,219 INFO org.springframework.boot.web.servlet.AbstractFilterRegistrationBean [main] Mapping filter: 'formContentFilter' to: [/*]
2018-11-23 10:40:34,219 INFO org.springframework.boot.web.servlet.AbstractFilterRegistrationBean [main] Mapping filter: 'requestContextFilter' to: [/*]
2018-11-23 10:40:35,219 INFO springfox.documentation.spring.web.PropertySourcedRequestMappingHandlerMapping [main] Mapped URL path [/v2/api-docs] onto method [public org.springframework.http.ResponseEntity<springfox.documentation.spring.web.json.Json> springfox.documentation.swagger2.web.Swagger2Controller.getDocumentation(java.lang.String,javax.servlet.http.HttpServletRequest)]
2018-11-23 10:40:36,010 INFO org.springframework.scheduling.concurrent.ExecutorConfigurationSupport [main] Initializing ExecutorService 'applicationTaskExecutor'
2018-11-23 10:40:39,917 INFO com.mongodb.diagnostics.logging.SLF4JLogger [main] Cluster created with settings {hosts=[localhost:27017], mode=SINGLE, requiredClusterType=UNKNOWN, serverSelectionTimeout='30000 ms', maxWaitQueueSize=500}
2018-11-23 10:40:40,191 INFO com.mongodb.diagnostics.logging.SLF4JLogger [cluster-ClusterId{value='5bf78bcf32296a2e08dc1a59', description='null'}-localhost:27017] Opened connection [connectionId{localValue:1, serverValue:78}] to localhost:27017
2018-11-23 10:40:40,404 INFO com.mongodb.diagnostics.logging.SLF4JLogger [cluster-ClusterId{value='5bf78bcf32296a2e08dc1a59', description='null'}-localhost:27017] Monitor thread successfully connected to server with description ServerDescription{address=localhost:27017, type=STANDALONE, state=CONNECTED, ok=true, version=ServerVersion{versionList=[3, 4, 6]}, minWireVersion=0, maxWireVersion=5, maxDocumentSize=16777216, logicalSessionTimeoutMinutes=null, roundTripTimeNanos=202704928}
2018-11-23 10:40:41,131 INFO springfox.documentation.spring.web.plugins.DocumentationPluginsBootstrapper [main] Context refreshed
2018-11-23 10:40:41,209 INFO springfox.documentation.spring.web.plugins.DocumentationPluginsBootstrapper [main] Found 1 custom documentation plugin(s)
2018-11-23 10:40:41,313 INFO springfox.documentation.spring.web.scanners.ApiListingReferenceScanner [main] Scanning for api listing references
2018-11-23 10:40:41,582 INFO org.apache.juli.logging.DirectJDKLog [main] Starting ProtocolHandler ["http-nio-1111"]
2018-11-23 10:40:41,605 INFO org.apache.juli.logging.DirectJDKLog [main] Using a shared selector for servlet write/read
2018-11-23 10:40:41,761 INFO org.springframework.boot.web.embedded.tomcat.TomcatWebServer [main] Tomcat started on port(s): 1111 (http) with context path ''
2018-11-23 10:40:41,773 INFO org.springframework.boot.StartupInfoLogger [main] Started LibraryApplication in 14.855 seconds (JVM running for 16.995)
2018-11-23 10:40:58,858 INFO org.apache.juli.logging.DirectJDKLog [http-nio-1111-exec-3] Initializing Spring DispatcherServlet 'dispatcherServlet'
2018-11-23 10:41:04,392 INFO com.vinodh.web.HomeController [http-nio-1111-exec-9] null api is invoked
2018-11-23 10:41:04,396 INFO com.vinodh.web.HomeController [http-nio-1111-exec-9] /library/home api is invoked
2018-11-23 10:42:05,078 INFO org.springframework.boot.StartupInfoLogger [main] Starting LibraryApplication on WKC001705350 with PID 2772 (C:\Users\thimmv\Downloads\Spring-boot-redis-mongo\online-library\target\classes started by thimmv in C:\Users\thimmv\Downloads\Spring-boot-redis-mongo\online-library)
2018-11-23 10:42:05,087 INFO org.springframework.boot.SpringApplication [main] The following profiles are active: dev
2018-11-23 10:42:07,134 INFO org.springframework.data.repository.config.RepositoryConfigurationDelegate [main] Multiple Spring Data modules found, entering strict repository configuration mode!
2018-11-23 10:42:07,139 INFO org.springframework.data.repository.config.RepositoryConfigurationDelegate [main] Bootstrapping Spring Data repositories in DEFAULT mode.
2018-11-23 10:42:07,195 INFO org.springframework.data.repository.config.RepositoryConfigurationDelegate [main] Finished Spring Data repository scanning in 43ms. Found 0 repository interfaces.
2018-11-23 10:42:07,216 INFO org.springframework.data.repository.config.RepositoryConfigurationDelegate [main] Multiple Spring Data modules found, entering strict repository configuration mode!
2018-11-23 10:42:07,218 INFO org.springframework.data.repository.config.RepositoryConfigurationDelegate [main] Bootstrapping Spring Data repositories in DEFAULT mode.
2018-11-23 10:42:07,241 INFO org.springframework.data.repository.config.RepositoryConfigurationDelegate [main] Finished Spring Data repository scanning in 13ms. Found 0 repository interfaces.
2018-11-23 10:42:08,939 INFO org.springframework.boot.web.embedded.tomcat.TomcatWebServer [main] Tomcat initialized with port(s): 1111 (http)
2018-11-23 10:42:08,969 INFO org.apache.juli.logging.DirectJDKLog [main] Initializing ProtocolHandler ["http-nio-1111"]
2018-11-23 10:42:08,987 INFO org.apache.juli.logging.DirectJDKLog [main] Starting service [Tomcat]
2018-11-23 10:42:08,988 INFO org.apache.juli.logging.DirectJDKLog [main] Starting Servlet Engine: Apache Tomcat/9.0.12
2018-11-23 10:42:09,110 INFO org.apache.juli.logging.DirectJDKLog [main] The APR based Apache Tomcat Native library which allows optimal performance in production environments was not found on the java.library.path: [C:\Program Files\Java\jdk1.8.0_162\bin;C:\windows\Sun\Java\bin;C:\windows\system32;C:\windows;C:\Program Files (x86)\Common Files\Oracle\Java\javapath;C:\windows\system32;C:\windows;C:\windows\system32\wbem;C:\windows\system32\windowspowershell\v1.0\;C:\windows\system32\windowspowershell\v1.0\;c:\program files (x86)\sennheiser\softphonesdk\;C:\windows\system32\windowspowershell\v1.0\;c:\program files\nodejs\;c:\program files\git\cmd;%java_home%\bin;%m2_home%\bin;c:\program files\ibm\gsk8\lib64;C:\PROGRA~1\IBM\SQLLIB~1\BIN;C:\PROGRA~1\IBM\SQLLIB~1\FUNCTION;C:\PROGRA~1\IBM\SQLLIB~1\SAMPLES\REPL;C:\Program Files\Git\cmd;C:\Program Files\Microsoft VS Code\bin;C:\Program Files (x86)\GitExtensions\;C:\ProgramData\Oracle\Java\javapath;C:\windows\system32;C:\windows;C:\windows\System32\Wbem;C:\windows\System32\WindowsPowerShell\v1.0\;C:\windows\System32\WindowsPowerShell\v1.0\;C:\Program Files (x86)\Sennheiser\SoftphoneSDK\;C:\windows\System32\WindowsPowerShell\v1.0\;C:\Users\thimmv\AppData\Roaming\npm;C:\Program Files\Microsoft VS Code\bin;C:\Users\thimmv\Downloads\apache-maven-3.5.3-bin\apache-maven-3.5.3\bin;C:\Program Files\Java\jdk1.8.0_162\bin;C:\Users\thimmv\AppData\Local\Box\Box Edit\;.]
2018-11-23 10:42:09,413 INFO org.apache.juli.logging.DirectJDKLog [main] Initializing Spring embedded WebApplicationContext
2018-11-23 10:42:09,471 INFO org.springframework.boot.web.servlet.ServletRegistrationBean [main] Servlet dispatcherServlet mapped to [/]
2018-11-23 10:42:09,479 INFO org.springframework.boot.web.servlet.AbstractFilterRegistrationBean [main] Mapping filter: 'characterEncodingFilter' to: [/*]
2018-11-23 10:42:09,481 INFO org.springframework.boot.web.servlet.AbstractFilterRegistrationBean [main] Mapping filter: 'hiddenHttpMethodFilter' to: [/*]
2018-11-23 10:42:09,482 INFO org.springframework.boot.web.servlet.AbstractFilterRegistrationBean [main] Mapping filter: 'formContentFilter' to: [/*]
2018-11-23 10:42:09,482 INFO org.springframework.boot.web.servlet.AbstractFilterRegistrationBean [main] Mapping filter: 'requestContextFilter' to: [/*]
2018-11-23 10:42:10,421 INFO springfox.documentation.spring.web.PropertySourcedRequestMappingHandlerMapping [main] Mapped URL path [/v2/api-docs] onto method [public org.springframework.http.ResponseEntity<springfox.documentation.spring.web.json.Json> springfox.documentation.swagger2.web.Swagger2Controller.getDocumentation(java.lang.String,javax.servlet.http.HttpServletRequest)]
2018-11-23 10:42:10,958 INFO org.springframework.scheduling.concurrent.ExecutorConfigurationSupport [main] Initializing ExecutorService 'applicationTaskExecutor'
2018-11-23 10:42:14,996 INFO com.mongodb.diagnostics.logging.SLF4JLogger [main] Cluster created with settings {hosts=[localhost:27017], mode=SINGLE, requiredClusterType=UNKNOWN, serverSelectionTimeout='30000 ms', maxWaitQueueSize=500}
2018-11-23 10:42:15,139 INFO com.mongodb.diagnostics.logging.SLF4JLogger [cluster-ClusterId{value='5bf78c2e32296a0ad403768f', description='null'}-localhost:27017] Opened connection [connectionId{localValue:1, serverValue:79}] to localhost:27017
2018-11-23 10:42:15,158 INFO com.mongodb.diagnostics.logging.SLF4JLogger [cluster-ClusterId{value='5bf78c2e32296a0ad403768f', description='null'}-localhost:27017] Monitor thread successfully connected to server with description ServerDescription{address=localhost:27017, type=STANDALONE, state=CONNECTED, ok=true, version=ServerVersion{versionList=[3, 4, 6]}, minWireVersion=0, maxWireVersion=5, maxDocumentSize=16777216, logicalSessionTimeoutMinutes=null, roundTripTimeNanos=15166802}
2018-11-23 10:42:15,696 INFO springfox.documentation.spring.web.plugins.DocumentationPluginsBootstrapper [main] Context refreshed
2018-11-23 10:42:15,770 INFO springfox.documentation.spring.web.plugins.DocumentationPluginsBootstrapper [main] Found 1 custom documentation plugin(s)
2018-11-23 10:42:15,825 INFO springfox.documentation.spring.web.scanners.ApiListingReferenceScanner [main] Scanning for api listing references
2018-11-23 10:42:16,001 INFO org.apache.juli.logging.DirectJDKLog [main] Starting ProtocolHandler ["http-nio-1111"]
2018-11-23 10:42:16,024 INFO org.apache.juli.logging.DirectJDKLog [main] Using a shared selector for servlet write/read
2018-11-23 10:42:16,066 INFO org.springframework.boot.web.embedded.tomcat.TomcatWebServer [main] Tomcat started on port(s): 1111 (http) with context path ''
2018-11-23 10:42:16,074 INFO org.springframework.boot.StartupInfoLogger [main] Started LibraryApplication in 12.93 seconds (JVM running for 14.674)
2018-11-23 10:42:22,714 INFO org.apache.juli.logging.DirectJDKLog [http-nio-1111-exec-1] Initializing Spring DispatcherServlet 'dispatcherServlet'
2018-11-23 10:42:22,922 INFO com.vinodh.web.HomeController [http-nio-1111-exec-1] /library/home api is invoked
2018-11-23 10:42:22,926 INFO com.vinodh.web.HomeController [http-nio-1111-exec-1] /library/home api is invoked
2018-11-23 10:43:23,158 INFO org.springframework.boot.StartupInfoLogger [main] Starting LibraryApplication on WKC001705350 with PID 14796 (C:\Users\thimmv\Downloads\Spring-boot-redis-mongo\online-library\target\classes started by thimmv in C:\Users\thimmv\Downloads\Spring-boot-redis-mongo\online-library)
2018-11-23 10:43:23,276 INFO org.springframework.boot.SpringApplication [main] The following profiles are active: dev
2018-11-23 10:43:25,266 INFO org.springframework.data.repository.config.RepositoryConfigurationDelegate [main] Multiple Spring Data modules found, entering strict repository configuration mode!
2018-11-23 10:43:25,271 INFO org.springframework.data.repository.config.RepositoryConfigurationDelegate [main] Bootstrapping Spring Data repositories in DEFAULT mode.
2018-11-23 10:43:25,316 INFO org.springframework.data.repository.config.RepositoryConfigurationDelegate [main] Finished Spring Data repository scanning in 34ms. Found 0 repository interfaces.
2018-11-23 10:43:25,339 INFO org.springframework.data.repository.config.RepositoryConfigurationDelegate [main] Multiple Spring Data modules found, entering strict repository configuration mode!
2018-11-23 10:43:25,340 INFO org.springframework.data.repository.config.RepositoryConfigurationDelegate [main] Bootstrapping Spring Data repositories in DEFAULT mode.
2018-11-23 10:43:25,362 INFO org.springframework.data.repository.config.RepositoryConfigurationDelegate [main] Finished Spring Data repository scanning in 11ms. Found 0 repository interfaces.
2018-11-23 10:43:27,082 INFO org.springframework.boot.web.embedded.tomcat.TomcatWebServer [main] Tomcat initialized with port(s): 1111 (http)
2018-11-23 10:43:27,107 INFO org.apache.juli.logging.DirectJDKLog [main] Initializing ProtocolHandler ["http-nio-1111"]
2018-11-23 10:43:27,120 INFO org.apache.juli.logging.DirectJDKLog [main] Starting service [Tomcat]
2018-11-23 10:43:27,121 INFO org.apache.juli.logging.DirectJDKLog [main] Starting Servlet Engine: Apache Tomcat/9.0.12
2018-11-23 10:43:27,239 INFO org.apache.juli.logging.DirectJDKLog [main] The APR based Apache Tomcat Native library which allows optimal performance in production environments was not found on the java.library.path: [C:\Program Files\Java\jdk1.8.0_162\bin;C:\windows\Sun\Java\bin;C:\windows\system32;C:\windows;C:\Program Files (x86)\Common Files\Oracle\Java\javapath;C:\windows\system32;C:\windows;C:\windows\system32\wbem;C:\windows\system32\windowspowershell\v1.0\;C:\windows\system32\windowspowershell\v1.0\;c:\program files (x86)\sennheiser\softphonesdk\;C:\windows\system32\windowspowershell\v1.0\;c:\program files\nodejs\;c:\program files\git\cmd;%java_home%\bin;%m2_home%\bin;c:\program files\ibm\gsk8\lib64;C:\PROGRA~1\IBM\SQLLIB~1\BIN;C:\PROGRA~1\IBM\SQLLIB~1\FUNCTION;C:\PROGRA~1\IBM\SQLLIB~1\SAMPLES\REPL;C:\Program Files\Git\cmd;C:\Program Files\Microsoft VS Code\bin;C:\Program Files (x86)\GitExtensions\;C:\ProgramData\Oracle\Java\javapath;C:\windows\system32;C:\windows;C:\windows\System32\Wbem;C:\windows\System32\WindowsPowerShell\v1.0\;C:\windows\System32\WindowsPowerShell\v1.0\;C:\Program Files (x86)\Sennheiser\SoftphoneSDK\;C:\windows\System32\WindowsPowerShell\v1.0\;C:\Users\thimmv\AppData\Roaming\npm;C:\Program Files\Microsoft VS Code\bin;C:\Users\thimmv\Downloads\apache-maven-3.5.3-bin\apache-maven-3.5.3\bin;C:\Program Files\Java\jdk1.8.0_162\bin;C:\Users\thimmv\AppData\Local\Box\Box Edit\;.]
2018-11-23 10:43:27,557 INFO org.apache.juli.logging.DirectJDKLog [main] Initializing Spring embedded WebApplicationContext
2018-11-23 10:43:27,613 INFO org.springframework.boot.web.servlet.ServletRegistrationBean [main] Servlet dispatcherServlet mapped to [/]
2018-11-23 10:43:27,621 INFO org.springframework.boot.web.servlet.AbstractFilterRegistrationBean [main] Mapping filter: 'characterEncodingFilter' to: [/*]
2018-11-23 10:43:27,623 INFO org.springframework.boot.web.servlet.AbstractFilterRegistrationBean [main] Mapping filter: 'hiddenHttpMethodFilter' to: [/*]
2018-11-23 10:43:27,623 INFO org.springframework.boot.web.servlet.AbstractFilterRegistrationBean [main] Mapping filter: 'formContentFilter' to: [/*]
2018-11-23 10:43:27,624 INFO org.springframework.boot.web.servlet.AbstractFilterRegistrationBean [main] Mapping filter: 'requestContextFilter' to: [/*]
2018-11-23 10:43:28,472 INFO springfox.documentation.spring.web.PropertySourcedRequestMappingHandlerMapping [main] Mapped URL path [/v2/api-docs] onto method [public org.springframework.http.ResponseEntity<springfox.documentation.spring.web.json.Json> springfox.documentation.swagger2.web.Swagger2Controller.getDocumentation(java.lang.String,javax.servlet.http.HttpServletRequest)]
2018-11-23 10:43:28,955 INFO org.springframework.scheduling.concurrent.ExecutorConfigurationSupport [main] Initializing ExecutorService 'applicationTaskExecutor'
2018-11-23 10:43:31,244 INFO com.mongodb.diagnostics.logging.SLF4JLogger [main] Cluster created with settings {hosts=[localhost:27017], mode=SINGLE, requiredClusterType=UNKNOWN, serverSelectionTimeout='30000 ms', maxWaitQueueSize=500}
2018-11-23 10:43:31,432 INFO com.mongodb.diagnostics.logging.SLF4JLogger [cluster-ClusterId{value='5bf78c7b32296a39cc493fdc', description='null'}-localhost:27017] Opened connection [connectionId{localValue:1, serverValue:80}] to localhost:27017
2018-11-23 10:43:31,438 INFO com.mongodb.diagnostics.logging.SLF4JLogger [cluster-ClusterId{value='5bf78c7b32296a39cc493fdc', description='null'}-localhost:27017] Monitor thread successfully connected to server with description ServerDescription{address=localhost:27017, type=STANDALONE, state=CONNECTED, ok=true, version=ServerVersion{versionList=[3, 4, 6]}, minWireVersion=0, maxWireVersion=5, maxDocumentSize=16777216, logicalSessionTimeoutMinutes=null, roundTripTimeNanos=3751539}
2018-11-23 10:43:31,901 INFO springfox.documentation.spring.web.plugins.DocumentationPluginsBootstrapper [main] Context refreshed
2018-11-23 10:43:31,952 INFO springfox.documentation.spring.web.plugins.DocumentationPluginsBootstrapper [main] Found 1 custom documentation plugin(s)
2018-11-23 10:43:32,013 INFO springfox.documentation.spring.web.scanners.ApiListingReferenceScanner [main] Scanning for api listing references
2018-11-23 10:43:32,221 INFO org.apache.juli.logging.DirectJDKLog [main] Starting ProtocolHandler ["http-nio-1111"]
2018-11-23 10:43:32,238 INFO org.apache.juli.logging.DirectJDKLog [main] Using a shared selector for servlet write/read
2018-11-23 10:43:32,276 INFO org.springframework.boot.web.embedded.tomcat.TomcatWebServer [main] Tomcat started on port(s): 1111 (http) with context path ''
2018-11-23 10:43:32,282 INFO org.springframework.boot.StartupInfoLogger [main] Started LibraryApplication in 10.868 seconds (JVM running for 12.639)
